build/outputs/apk/manifest-merger-debug-report.txt
-- Merging decision tree log ---
manifest
ADDED from AndroidManifest.xml:20:1
	package
		ADDED from AndroidManifest.xml:20:11
	android:versionName
		ADDED from AndroidManifest.xml:22:5
	android:versionCode
		ADDED from AndroidManifest.xml:21:5
		INJECTED from AndroidManifest.xml:0:0
		INJECTED from AndroidManifest.xml:0:0
	xmlns:android
		ADDED from AndroidManifest.xml:22:31
uses-permission#android.permission.GET_ACCOUNTS
ADDED from AndroidManifest.xml:24:5
	android:name
		ADDED from AndroidManifest.xml:24:22
uses-permission#android.permission.USE_CREDENTIALS
ADDED from AndroidManifest.xml:25:5
	android:name
		ADDED from AndroidManifest.xml:25:22
uses-permission#android.permission.MANAGE_ACCOUNTS
ADDED from AndroidManifest.xml:26:5
	android:name
		ADDED from AndroidManifest.xml:26:22
uses-permission#android.permission.AUTHENTICATE_ACCOUNTS
ADDED from AndroidManifest.xml:27:5
	android:name
		ADDED from AndroidManifest.xml:27:22
uses-permission#android.permission.INTERNET
ADDED from AndroidManifest.xml:28:5
	android:name
		ADDED from AndroidManifest.xml:28:22
uses-permission#android.permission.WRITE_SETTINGS
ADDED from AndroidManifest.xml:29:5
	android:name
		ADDED from AndroidManifest.xml:29:22
uses-permission#android.permission.READ_SYNC_STATS
ADDED from AndroidManifest.xml:30:5
	android:name
		ADDED from AndroidManifest.xml:30:22
uses-permission#android.permission.READ_SYNC_SETTINGS
ADDED from AndroidManifest.xml:31:5
	android:name
		ADDED from AndroidManifest.xml:31:22
uses-permission#android.permission.WRITE_SYNC_SETTINGS
ADDED from AndroidManifest.xml:32:5
	android:name
		ADDED from AndroidManifest.xml:32:22
uses-permission#android.permission.BROADCAST_STICKY
ADDED from AndroidManifest.xml:33:5
	android:name
		ADDED from AndroidManifest.xml:33:22
uses-permission#android.permission.ACCESS_NETWORK_STATE
ADDED from AndroidManifest.xml:34:5
	android:name
		ADDED from AndroidManifest.xml:34:22
uses-permission#android.permission.RECEIVE_BOOT_COMPLETED
ADDED from AndroidManifest.xml:35:5
	android:name
		ADDED from AndroidManifest.xml:35:22
uses-permission#android.permission.WAKE_LOCK
ADDED from AndroidManifest.xml:36:5
	android:name
		ADDED from AndroidManifest.xml:36:22
uses-sdk
ADDED from AndroidManifest.xml:38:5
MERGED from Iluq-Cloud:libs/actionbarsherlock_lib:unspecified:4:5
MERGED from Iluq-Cloud:owncloud-android-library:unspecified:30:5
	android:targetSdkVersion
		ADDED from AndroidManifest.xml:40:9
	android:minSdkVersion
		ADDED from AndroidManifest.xml:39:9
uses-permission#android.permission.WRITE_EXTERNAL_STORAGE
ADDED from AndroidManifest.xml:42:5
	android:name
		ADDED from AndroidManifest.xml:42:22
application
ADDED from AndroidManifest.xml:45:5
	android:label
		ADDED from AndroidManifest.xml:48:9
	android:icon
		ADDED from AndroidManifest.xml:47:9
	android:theme
		ADDED from AndroidManifest.xml:49:9
	android:name
		ADDED from AndroidManifest.xml:46:9
activity#com.iluq_cloud.android.ui.activity.FileDisplayActivity
ADDED from AndroidManifest.xml:50:9
	android:label
		ADDED from AndroidManifest.xml:52:13
	android:name
		ADDED from AndroidManifest.xml:51:13
intent-filter#android.intent.action.MAIN+android.intent.category.LAUNCHER
ADDED from AndroidManifest.xml:54:13
action#android.intent.action.MAIN
ADDED from AndroidManifest.xml:55:17
	android:name
		ADDED from AndroidManifest.xml:55:25
category#android.intent.category.LAUNCHER
ADDED from AndroidManifest.xml:56:17
	android:name
		ADDED from AndroidManifest.xml:56:27
activity#com.iluq_cloud.android.ui.activity.UploadFilesActivity
ADDED from AndroidManifest.xml:59:9
	android:name
		ADDED from AndroidManifest.xml:59:19
activity#com.iluq_cloud.android.ui.activity.Uploader
ADDED from AndroidManifest.xml:61:9
	android:name
		ADDED from AndroidManifest.xml:61:19
intent-filter#android.intent.action.SEND+android.intent.category.DEFAULT
ADDED from AndroidManifest.xml:62:13
action#android.intent.action.SEND
ADDED from AndroidManifest.xml:63:17
	android:name
		ADDED from AndroidManifest.xml:63:25
category#android.intent.category.DEFAULT
ADDED from AndroidManifest.xml:66:17
	android:name
		ADDED from AndroidManifest.xml:66:27
data
ADDED from AndroidManifest.xml:69:17
	android:mimeType
		ADDED from AndroidManifest.xml:69:23
intent-filter#android.intent.action.SEND_MULTIPLE+android.intent.category.DEFAULT
ADDED from AndroidManifest.xml:72:13
action#android.intent.action.SEND_MULTIPLE
ADDED from AndroidManifest.xml:73:17
	android:name
		ADDED from AndroidManifest.xml:73:25
activity#com.iluq_cloud.android.ui.activity.Preferences
ADDED from AndroidManifest.xml:84:9
	android:theme
		ADDED from AndroidManifest.xml:86:13
	android:name
		ADDED from AndroidManifest.xml:85:13
activity#com.iluq_cloud.android.ui.preview.PreviewImageActivity
ADDED from AndroidManifest.xml:88:9
	android:name
		ADDED from AndroidManifest.xml:89:13
activity#com.iluq_cloud.android.ui.preview.PreviewVideoActivity
ADDED from AndroidManifest.xml:92:9
	android:label
		ADDED from AndroidManifest.xml:94:4
	android:theme
		ADDED from AndroidManifest.xml:95:4
	android:name
		ADDED from AndroidManifest.xml:93:13
service#com.iluq_cloud.android.authentication.AccountAuthenticatorService
ADDED from AndroidManifest.xml:99:9
	android:exported
		ADDED from AndroidManifest.xml:101:13
	android:name
		ADDED from AndroidManifest.xml:100:13
intent-filter#android.accounts.AccountAuthenticator
ADDED from AndroidManifest.xml:102:13
	android:priority
		ADDED from AndroidManifest.xml:102:29
action#android.accounts.AccountAuthenticator
ADDED from AndroidManifest.xml:103:17
	android:name
		ADDED from AndroidManifest.xml:103:25
meta-data#android.accounts.AccountAuthenticator
ADDED from AndroidManifest.xml:106:13
	android:resource
		ADDED from AndroidManifest.xml:108:17
	android:name
		ADDED from AndroidManifest.xml:107:17
service#com.iluq_cloud.android.syncadapter.FileSyncService
ADDED from AndroidManifest.xml:110:9
	android:exported
		ADDED from AndroidManifest.xml:112:13
	android:name
		ADDED from AndroidManifest.xml:111:13
intent-filter#android.content.SyncAdapter
ADDED from AndroidManifest.xml:114:13
action#android.content.SyncAdapter
ADDED from AndroidManifest.xml:115:17
	android:name
		ADDED from AndroidManifest.xml:115:25
meta-data#android.content.SyncAdapter
ADDED from AndroidManifest.xml:118:13
	android:resource
		ADDED from AndroidManifest.xml:120:17
	android:name
		ADDED from AndroidManifest.xml:119:17
provider#com.iluq_cloud.android.providers.FileContentProvider
ADDED from AndroidManifest.xml:123:9
	android:authorities
		ADDED from AndroidManifest.xml:125:13
	android:enabled
		ADDED from AndroidManifest.xml:126:13
	android:label
		ADDED from AndroidManifest.xml:128:13
	android:syncable
		ADDED from AndroidManifest.xml:129:13
	android:exported
		ADDED from AndroidManifest.xml:127:13
	android:name
		ADDED from AndroidManifest.xml:124:13
activity#com.iluq_cloud.android.authentication.AuthenticatorActivity
ADDED from AndroidManifest.xml:132:9
	android:launchMode
		ADDED from AndroidManifest.xml:136:13
	android:exported
		ADDED from AndroidManifest.xml:134:13
	android:theme
		ADDED from AndroidManifest.xml:135:13
	android:name
		ADDED from AndroidManifest.xml:133:13
intent-filter#android.intent.action.VIEW+android.intent.category.BROWSABLE+android.intent.category.DEFAULT
ADDED from AndroidManifest.xml:137:13
action#android.intent.action.VIEW
ADDED from AndroidManifest.xml:138:17
	android:name
		ADDED from AndroidManifest.xml:138:25
category#android.intent.category.BROWSABLE
ADDED from AndroidManifest.xml:140:17
	android:name
		ADDED from AndroidManifest.xml:140:27
intent-filter#android.intent.category.DEFAULT+com.iluq_cloud.android.workaround.accounts.CREATE
ADDED from AndroidManifest.xml:143:13
action#com.iluq_cloud.android.workaround.accounts.CREATE
ADDED from AndroidManifest.xml:144:17
	android:name
		ADDED from AndroidManifest.xml:144:25
service#com.iluq_cloud.android.services.OperationsService
ADDED from AndroidManifest.xml:149:9
	android:name
		ADDED from AndroidManifest.xml:149:18
service#com.iluq_cloud.android.files.services.FileDownloader
ADDED from AndroidManifest.xml:150:9
	android:name
		ADDED from AndroidManifest.xml:150:18
service#com.iluq_cloud.android.files.services.FileUploader
ADDED from AndroidManifest.xml:151:9
	android:name
		ADDED from AndroidManifest.xml:151:18
service#com.iluq_cloud.android.media.MediaService
ADDED from AndroidManifest.xml:152:9
	android:name
		ADDED from AndroidManifest.xml:152:18
activity#com.iluq_cloud.android.ui.activity.PinCodeActivity
ADDED from AndroidManifest.xml:154:9
	android:name
		ADDED from AndroidManifest.xml:154:19
activity#com.iluq_cloud.android.ui.activity.ConflictsResolveActivity
ADDED from AndroidManifest.xml:155:9
	android:name
		ADDED from AndroidManifest.xml:155:19
activity#com.iluq_cloud.android.ui.activity.GenericExplanationActivity
ADDED from AndroidManifest.xml:156:9
	android:name
		ADDED from AndroidManifest.xml:156:19
activity#com.iluq_cloud.android.ui.activity.ErrorsWhileCopyingHandlerActivity
ADDED from AndroidManifest.xml:157:9
	android:name
		ADDED from AndroidManifest.xml:157:19
activity#com.iluq_cloud.android.ui.activity.LogHistoryActivity
ADDED from AndroidManifest.xml:159:9
	android:name
		ADDED from AndroidManifest.xml:159:19
receiver#com.iluq_cloud.android.files.InstantUploadBroadcastReceiver
ADDED from AndroidManifest.xml:161:9
	android:name
		ADDED from AndroidManifest.xml:161:19
intent-filter#android.hardware.action.NEW_PICTURE+com.android.camera.NEW_PICTURE
ADDED from AndroidManifest.xml:162:13
action#com.android.camera.NEW_PICTURE
ADDED from AndroidManifest.xml:164:17
	android:name
		ADDED from AndroidManifest.xml:164:25
action#android.hardware.action.NEW_PICTURE
ADDED from AndroidManifest.xml:166:17
	android:name
		ADDED from AndroidManifest.xml:166:25
intent-filter#android.hardware.action.NEW_VIDEO
ADDED from AndroidManifest.xml:169:13
action#android.hardware.action.NEW_VIDEO
ADDED from AndroidManifest.xml:170:17
	android:name
		ADDED from AndroidManifest.xml:170:25
intent-filter#android.net.conn.CONNECTIVITY_CHANGE
ADDED from AndroidManifest.xml:173:13
action#android.net.conn.CONNECTIVITY_CHANGE
ADDED from AndroidManifest.xml:174:17
	android:name
		ADDED from AndroidManifest.xml:174:25
receiver#com.iluq_cloud.android.files.BootupBroadcastReceiver
ADDED from AndroidManifest.xml:177:9
	android:name
		ADDED from AndroidManifest.xml:177:19
intent-filter#android.intent.action.BOOT_COMPLETED
ADDED from AndroidManifest.xml:178:13
action#android.intent.action.BOOT_COMPLETED
ADDED from AndroidManifest.xml:179:17
	android:name
		ADDED from AndroidManifest.xml:179:25
service#com.iluq_cloud.android.services.observer.FileObserverService
ADDED from AndroidManifest.xml:182:9
	android:name
		ADDED from AndroidManifest.xml:182:18
activity#com.iluq_cloud.android.ui.activity.CopyToClipboardActivity
ADDED from AndroidManifest.xml:184:3
	android:label
		ADDED from AndroidManifest.xml:186:4
	android:icon
		ADDED from AndroidManifest.xml:187:4
	android:name
		ADDED from AndroidManifest.xml:185:4
activity#com.iluq_cloud.android.ui.activity.FolderPickerActivity
ADDED from AndroidManifest.xml:189:9
	android:label
		ADDED from AndroidManifest.xml:191:4
	android:name
		ADDED from AndroidManifest.xml:190:4
activity#com.iluq_cloud.android.ui.activity.UploadPathActivity
ADDED from AndroidManifest.xml:193:9
	android:label
		ADDED from AndroidManifest.xml:195:4
	android:name
		ADDED from AndroidManifest.xml:194:4